Jun 22, 2016 7:03:04 PM com.nilostep.xlsql.database.xlInstance <init>
INFO: Instance created with engine hsqldb
Jun 22, 2016 7:07:23 PM com.nilostep.xlsql.database.xlInstance <init>
INFO: Instance created with engine hsqldb
Jun 22, 2016 7:08:20 PM com.nilostep.xlsql.database.xlInstance <init>
INFO: Instance created with engine hsqldb
Jun 22, 2016 7:11:55 PM com.nilostep.xlsql.database.xlInstance <init>
INFO: Instance created with engine hsqldb
Jun 22, 2016 7:12:55 PM com.nilostep.xlsql.database.xlInstance <init>
INFO: Instance created with engine hsqldb
Jun 22, 2016 7:14:36 PM com.nilostep.xlsql.database.xlInstance <init>
INFO: Instance created with engine hsqldb
Jun 22, 2016 7:15:16 PM com.nilostep.xlsql.database.xlInstance <init>
INFO: Instance created with engine hsqldb
Jun 22, 2016 7:22:25 PM com.nilostep.xlsql.database.xlInstance <init>
INFO: Instance created with engine hsqldb
Jun 22, 2016 7:22:58 PM com.nilostep.xlsql.database.xlInstance <init>
INFO: Instance created with engine hsqldb
Jun 22, 2016 7:23:56 PM com.nilostep.xlsql.database.xlInstance <init>
INFO: Instance created with engine hsqldb
Jun 22, 2016 7:24:30 PM com.nilostep.xlsql.database.xlInstance <init>
INFO: Instance created with engine hsqldb
Jun 22, 2016 7:27:17 PM com.nilostep.xlsql.database.xlInstance <init>
INFO: Instance created with engine hsqldb
Jun 22, 2016 7:27:17 PM com.nilostep.xlsql.jdbc.xlDriver connect
INFO: Connection to HSQL Database Engine established.
Jun 22, 2016 7:28:16 PM com.nilostep.xlsql.database.xlInstance <init>
INFO: Instance created with engine hsqldb
Jun 22, 2016 7:31:16 PM com.nilostep.xlsql.database.xlInstance <init>
INFO: Instance created with engine hsqldb
Jun 22, 2016 7:32:10 PM com.nilostep.xlsql.database.xlInstance <init>
INFO: Instance created with engine hsqldb
Jun 22, 2016 7:32:10 PM com.nilostep.xlsql.jdbc.xlDriver connect
INFO: Connection to HSQL Database Engine established.
Jun 22, 2016 7:45:08 PM com.nilostep.xlsql.database.xlInstance <init>
INFO: Instance created with engine hsqldb
Jun 22, 2016 7:46:42 PM com.nilostep.xlsql.database.xlInstance <init>
INFO: Instance created with engine hsqldb
Jun 22, 2016 7:52:22 PM com.nilostep.xlsql.database.xlInstance <init>
INFO: Instance created with engine hsqldb
Jun 22, 2016 7:52:22 PM com.nilostep.xlsql.jdbc.xlDriver connect
INFO: Connection to HSQL Database Engine established.
Jun 22, 2016 7:56:50 PM com.nilostep.xlsql.database.xlInstance <init>
INFO: Instance created with engine hsqldb
Jun 22, 2016 7:56:50 PM com.nilostep.xlsql.jdbc.xlDriver connect
INFO: Connection to HSQL Database Engine established.
Jun 22, 2016 8:06:45 PM com.nilostep.xlsql.database.xlInstance <init>
INFO: Instance created with engine hsqldb
Jun 22, 2016 8:06:46 PM com.nilostep.xlsql.jdbc.xlDriver connect
INFO: Connection to HSQL Database Engine established.
Jun 22, 2016 8:07:38 PM com.nilostep.xlsql.database.xlInstance <init>
INFO: Instance created with engine hsqldb
Jun 22, 2016 8:07:39 PM com.nilostep.xlsql.jdbc.xlDriver connect
INFO: Connection to HSQL Database Engine established.
Jun 22, 2016 8:08:12 PM com.nilostep.xlsql.database.xlInstance <init>
INFO: Instance created with engine hsqldb
Jun 22, 2016 8:08:13 PM com.nilostep.xlsql.jdbc.xlDriver connect
INFO: Connection to HSQL Database Engine established.
Jun 22, 2016 8:08:42 PM com.nilostep.xlsql.database.xlInstance <init>
INFO: Instance created with engine hsqldb
Jun 22, 2016 8:08:42 PM com.nilostep.xlsql.jdbc.xlDriver connect
INFO: Connection to HSQL Database Engine established.
Jun 22, 2016 8:11:13 PM com.nilostep.xlsql.database.xlInstance <init>
INFO: Instance created with engine hsqldb
Jun 22, 2016 8:11:14 PM com.nilostep.xlsql.jdbc.xlDriver connect
INFO: Connection to HSQL Database Engine established.
Jun 22, 2016 8:20:32 PM com.nilostep.xlsql.database.xlInstance <init>
INFO: Instance created with engine hsqldb
Jun 22, 2016 8:20:36 PM com.nilostep.xlsql.jdbc.xlDriver connect
INFO: Connection to HSQL Database Engine established.
Jun 22, 2016 8:21:40 PM com.nilostep.xlsql.database.xlInstance <init>
INFO: Instance created with engine hsqldb
Jun 22, 2016 8:21:41 PM com.nilostep.xlsql.jdbc.xlDriver connect
INFO: Connection to HSQL Database Engine established.
Jun 22, 2016 8:22:22 PM com.nilostep.xlsql.database.xlInstance <init>
INFO: Instance created with engine hsqldb
Jun 22, 2016 8:22:26 PM com.nilostep.xlsql.jdbc.xlDriver connect
INFO: Connection to HSQL Database Engine established.
Jun 22, 2016 8:27:24 PM com.nilostep.xlsql.database.xlInstance <init>
INFO: Instance created with engine hsqldb
Jun 22, 2016 8:27:25 PM com.nilostep.xlsql.jdbc.xlDriver connect
INFO: Connection to HSQL Database Engine established.
Jun 22, 2016 8:27:45 PM com.nilostep.xlsql.database.xlInstance <init>
INFO: Instance created with engine hsqldb
Jun 22, 2016 8:27:45 PM com.nilostep.xlsql.jdbc.xlDriver connect
INFO: Connection to HSQL Database Engine established.
Jun 22, 2016 8:28:35 PM com.nilostep.xlsql.database.xlInstance <init>
INFO: Instance created with engine hsqldb
Jun 22, 2016 8:28:35 PM com.nilostep.xlsql.jdbc.xlDriver connect
INFO: Connection to HSQL Database Engine established.
Jun 22, 2016 8:38:15 PM com.nilostep.xlsql.database.xlInstance <init>
INFO: Instance created with engine hsqldb
Jun 22, 2016 8:38:15 PM com.nilostep.xlsql.jdbc.xlDriver connect
INFO: Connection to HSQL Database Engine established.
Jun 22, 2016 8:38:38 PM com.nilostep.xlsql.database.xlInstance <init>
INFO: Instance created with engine hsqldb
Jun 22, 2016 8:38:38 PM com.nilostep.xlsql.jdbc.xlDriver connect
INFO: Connection to HSQL Database Engine established.
Jun 22, 2016 8:38:56 PM com.nilostep.xlsql.database.xlInstance <init>
INFO: Instance created with engine hsqldb
Jun 22, 2016 8:38:57 PM com.nilostep.xlsql.jdbc.xlDriver connect
INFO: Connection to HSQL Database Engine established.
Jun 22, 2016 8:41:35 PM com.nilostep.xlsql.database.xlInstance <init>
INFO: Instance created with engine hsqldb
Jun 22, 2016 8:41:35 PM com.nilostep.xlsql.jdbc.xlDriver connect
INFO: Connection to HSQL Database Engine established.
Jun 22, 2016 8:49:24 PM com.nilostep.xlsql.database.xlInstance <init>
INFO: Instance created with engine hsqldb
Jun 22, 2016 8:52:19 PM com.nilostep.xlsql.database.xlInstance <init>
INFO: Instance created with engine hsqldb
Jun 22, 2016 8:52:20 PM com.nilostep.xlsql.jdbc.xlDriver connect
INFO: Connection to HSQL Database Engine established.
Jun 22, 2016 8:54:06 PM com.nilostep.xlsql.database.xlInstance <init>
INFO: Instance created with engine hsqldb
Jun 22, 2016 8:54:07 PM com.nilostep.xlsql.jdbc.xlDriver connect
INFO: Connection to HSQL Database Engine established.
Jun 22, 2016 8:55:14 PM com.nilostep.xlsql.database.xlInstance <init>
INFO: Instance created with engine hsqldb
Jun 22, 2016 8:55:14 PM com.nilostep.xlsql.jdbc.xlDriver connect
INFO: Connection to HSQL Database Engine established.
Jun 22, 2016 8:56:49 PM com.nilostep.xlsql.database.xlInstance <init>
INFO: Instance created with engine hsqldb
Jun 22, 2016 8:56:49 PM com.nilostep.xlsql.jdbc.xlDriver connect
INFO: Connection to HSQL Database Engine established.
Jun 22, 2016 8:56:49 PM com.nilostep.xlsql.jdbc.xlDriver connect
INFO: Connection to HSQL Database Engine established.
Jun 22, 2016 8:58:34 PM com.nilostep.xlsql.database.xlInstance <init>
INFO: Instance created with engine hsqldb
Jun 22, 2016 8:58:34 PM com.nilostep.xlsql.jdbc.xlDriver connect
INFO: Connection to HSQL Database Engine established.
Jun 22, 2016 8:58:56 PM com.nilostep.xlsql.database.xlInstance <init>
INFO: Instance created with engine hsqldb
Jun 22, 2016 8:58:57 PM com.nilostep.xlsql.jdbc.xlDriver connect
INFO: Connection to HSQL Database Engine established.
Jun 22, 2016 8:58:57 PM com.nilostep.xlsql.jdbc.xlDriver connect
INFO: Connection to HSQL Database Engine established.
Jun 22, 2016 10:29:33 PM com.nilostep.xlsql.database.xlInstance <init>
INFO: Instance created with engine hsqldb
Jun 22, 2016 10:29:34 PM com.nilostep.xlsql.jdbc.xlDriver connect
INFO: Connection to HSQL Database Engine established.
Jun 22, 2016 10:29:34 PM com.nilostep.xlsql.jdbc.xlDriver connect
INFO: Connection to HSQL Database Engine established.
Jun 22, 2016 10:31:25 PM com.nilostep.xlsql.database.xlInstance <init>
INFO: Instance created with engine hsqldb
Jun 22, 2016 10:31:25 PM com.nilostep.xlsql.jdbc.xlDriver connect
INFO: Connection to HSQL Database Engine established.
Jun 22, 2016 10:31:25 PM com.nilostep.xlsql.jdbc.xlDriver connect
INFO: Connection to HSQL Database Engine established.
Jun 22, 2016 10:31:25 PM com.nilostep.xlsql.jdbc.xlDriver connect
INFO: Connection to HSQL Database Engine established.
Jun 22, 2016 10:31:25 PM com.nilostep.xlsql.jdbc.xlDriver connect
INFO: Connection to HSQL Database Engine established.
Jun 22, 2016 10:31:26 PM com.nilostep.xlsql.jdbc.xlDriver connect
INFO: Connection to HSQL Database Engine established.
Jun 22, 2016 10:32:22 PM com.nilostep.xlsql.database.xlInstance <init>
INFO: Instance created with engine hsqldb
Jun 22, 2016 10:32:22 PM com.nilostep.xlsql.jdbc.xlDriver connect
INFO: Connection to HSQL Database Engine established.
Jun 22, 2016 10:32:23 PM com.nilostep.xlsql.jdbc.xlDriver connect
INFO: Connection to HSQL Database Engine established.
Jun 22, 2016 10:32:23 PM com.nilostep.xlsql.jdbc.xlDriver connect
INFO: Connection to HSQL Database Engine established.
Jun 22, 2016 10:32:23 PM com.nilostep.xlsql.jdbc.xlDriver connect
INFO: Connection to HSQL Database Engine established.
Jun 22, 2016 10:33:19 PM com.nilostep.xlsql.database.xlInstance <init>
INFO: Instance created with engine hsqldb
Jun 22, 2016 10:33:20 PM com.nilostep.xlsql.jdbc.xlDriver connect
INFO: Connection to HSQL Database Engine established.
Jun 22, 2016 10:34:04 PM com.nilostep.xlsql.database.xlInstance <init>
INFO: Instance created with engine hsqldb
Jun 22, 2016 10:34:05 PM com.nilostep.xlsql.jdbc.xlDriver connect
INFO: Connection to HSQL Database Engine established.
Jun 22, 2016 10:34:05 PM com.nilostep.xlsql.jdbc.xlDriver connect
INFO: Connection to HSQL Database Engine established.
Jun 22, 2016 10:34:05 PM com.nilostep.xlsql.jdbc.xlDriver connect
INFO: Connection to HSQL Database Engine established.
Jun 22, 2016 10:34:05 PM com.nilostep.xlsql.jdbc.xlDriver connect
INFO: Connection to HSQL Database Engine established.
Jun 22, 2016 10:34:27 PM com.nilostep.xlsql.database.xlInstance <init>
INFO: Instance created with engine hsqldb
Jun 22, 2016 10:34:27 PM com.nilostep.xlsql.jdbc.xlDriver connect
INFO: Connection to HSQL Database Engine established.
Jun 22, 2016 10:34:28 PM com.nilostep.xlsql.jdbc.xlDriver connect
INFO: Connection to HSQL Database Engine established.
Jun 22, 2016 10:34:28 PM com.nilostep.xlsql.jdbc.xlDriver connect
INFO: Connection to HSQL Database Engine established.
Jun 22, 2016 10:34:28 PM com.nilostep.xlsql.jdbc.xlDriver connect
INFO: Connection to HSQL Database Engine established.
Jun 22, 2016 10:35:35 PM com.nilostep.xlsql.database.xlInstance <init>
INFO: Instance created with engine hsqldb
Jun 22, 2016 10:35:35 PM com.nilostep.xlsql.jdbc.xlDriver connect
INFO: Connection to HSQL Database Engine established.
Jun 22, 2016 10:36:38 PM com.nilostep.xlsql.database.xlInstance <init>
INFO: Instance created with engine hsqldb
Jun 22, 2016 10:36:38 PM com.nilostep.xlsql.jdbc.xlDriver connect
INFO: Connection to HSQL Database Engine established.
Jun 22, 2016 10:36:39 PM com.nilostep.xlsql.jdbc.xlDriver connect
INFO: Connection to HSQL Database Engine established.
Jun 22, 2016 10:36:39 PM com.nilostep.xlsql.jdbc.xlDriver connect
INFO: Connection to HSQL Database Engine established.
Jun 22, 2016 10:36:52 PM com.nilostep.xlsql.database.xlInstance <init>
INFO: Instance created with engine hsqldb
Jun 22, 2016 10:36:52 PM com.nilostep.xlsql.jdbc.xlDriver connect
INFO: Connection to HSQL Database Engine established.
Jun 22, 2016 10:37:00 PM com.nilostep.xlsql.database.xlInstance <init>
INFO: Instance created with engine hsqldb
Jun 22, 2016 10:37:00 PM com.nilostep.xlsql.jdbc.xlDriver connect
INFO: Connection to HSQL Database Engine established.
Jun 22, 2016 10:37:00 PM com.nilostep.xlsql.jdbc.xlDriver connect
INFO: Connection to HSQL Database Engine established.
Jun 22, 2016 10:38:11 PM com.nilostep.xlsql.database.xlInstance <init>
INFO: Instance created with engine hsqldb
Jun 22, 2016 10:38:11 PM com.nilostep.xlsql.jdbc.xlDriver connect
INFO: Connection to HSQL Database Engine established.
Jun 22, 2016 10:38:11 PM com.nilostep.xlsql.jdbc.xlDriver connect
INFO: Connection to HSQL Database Engine established.
Jun 22, 2016 10:39:22 PM com.nilostep.xlsql.database.xlInstance <init>
INFO: Instance created with engine hsqldb
Jun 22, 2016 10:39:22 PM com.nilostep.xlsql.jdbc.xlDriver connect
INFO: Connection to HSQL Database Engine established.
Jun 22, 2016 10:39:22 PM com.nilostep.xlsql.jdbc.xlDriver connect
INFO: Connection to HSQL Database Engine established.
Jun 22, 2016 10:39:22 PM com.nilostep.xlsql.jdbc.xlDriver connect
INFO: Connection to HSQL Database Engine established.
Jun 22, 2016 10:39:43 PM com.nilostep.xlsql.database.xlInstance <init>
INFO: Instance created with engine hsqldb
Jun 22, 2016 10:39:43 PM com.nilostep.xlsql.jdbc.xlDriver connect
INFO: Connection to HSQL Database Engine established.
Jun 22, 2016 10:39:43 PM com.nilostep.xlsql.jdbc.xlDriver connect
INFO: Connection to HSQL Database Engine established.
Jun 22, 2016 10:39:43 PM com.nilostep.xlsql.jdbc.xlDriver connect
INFO: Connection to HSQL Database Engine established.
Jun 22, 2016 10:45:14 PM com.nilostep.xlsql.database.xlInstance <init>
INFO: Instance created with engine hsqldb
Jun 22, 2016 10:45:14 PM com.nilostep.xlsql.jdbc.xlDriver connect
INFO: Connection to HSQL Database Engine established.
Jun 22, 2016 10:45:15 PM com.nilostep.xlsql.jdbc.xlDriver connect
INFO: Connection to HSQL Database Engine established.
Jun 22, 2016 10:45:15 PM com.nilostep.xlsql.jdbc.xlDriver connect
INFO: Connection to HSQL Database Engine established.
Jun 22, 2016 10:45:15 PM com.nilostep.xlsql.jdbc.xlDriver connect
INFO: Connection to HSQL Database Engine established.
Jun 22, 2016 10:49:52 PM com.nilostep.xlsql.database.xlInstance <init>
INFO: Instance created with engine hsqldb
Jun 22, 2016 10:49:53 PM com.nilostep.xlsql.jdbc.xlDriver connect
INFO: Connection to HSQL Database Engine established.
Jun 22, 2016 10:49:53 PM com.nilostep.xlsql.jdbc.xlDriver connect
INFO: Connection to HSQL Database Engine established.
Jun 22, 2016 10:49:53 PM com.nilostep.xlsql.jdbc.xlDriver connect
INFO: Connection to HSQL Database Engine established.
Jun 22, 2016 10:49:54 PM com.nilostep.xlsql.jdbc.xlDriver connect
INFO: Connection to HSQL Database Engine established.
Jun 22, 2016 10:49:54 PM com.nilostep.xlsql.jdbc.xlDriver connect
INFO: Connection to HSQL Database Engine established.
Jun 22, 2016 10:49:54 PM com.nilostep.xlsql.jdbc.xlDriver connect
INFO: Connection to HSQL Database Engine established.
Jun 22, 2016 10:50:18 PM com.nilostep.xlsql.database.xlInstance <init>
INFO: Instance created with engine hsqldb
Jun 22, 2016 10:50:18 PM com.nilostep.xlsql.jdbc.xlDriver connect
INFO: Connection to HSQL Database Engine established.
Jun 22, 2016 10:50:19 PM com.nilostep.xlsql.jdbc.xlDriver connect
INFO: Connection to HSQL Database Engine established.
Jun 22, 2016 10:50:19 PM com.nilostep.xlsql.jdbc.xlDriver connect
INFO: Connection to HSQL Database Engine established.
Jun 22, 2016 10:50:19 PM com.nilostep.xlsql.jdbc.xlDriver connect
INFO: Connection to HSQL Database Engine established.
Jun 22, 2016 10:50:19 PM com.nilostep.xlsql.jdbc.xlDriver connect
INFO: Connection to HSQL Database Engine established.
Jun 22, 2016 10:50:20 PM com.nilostep.xlsql.jdbc.xlDriver connect
INFO: Connection to HSQL Database Engine established.
Jun 22, 2016 10:52:54 PM com.nilostep.xlsql.database.xlInstance <init>
INFO: Instance created with engine hsqldb
Jun 22, 2016 10:52:54 PM com.nilostep.xlsql.jdbc.xlDriver connect
INFO: Connection to HSQL Database Engine established.
Jun 22, 2016 10:52:54 PM com.nilostep.xlsql.jdbc.xlDriver connect
INFO: Connection to HSQL Database Engine established.
Jun 22, 2016 10:52:55 PM com.nilostep.xlsql.jdbc.xlDriver connect
INFO: Connection to HSQL Database Engine established.
Jun 22, 2016 10:52:55 PM com.nilostep.xlsql.jdbc.xlDriver connect
INFO: Connection to HSQL Database Engine established.
Jun 22, 2016 10:53:18 PM com.nilostep.xlsql.database.xlInstance <init>
INFO: Instance created with engine hsqldb
Jun 22, 2016 10:53:18 PM com.nilostep.xlsql.jdbc.xlDriver connect
INFO: Connection to HSQL Database Engine established.
Jun 22, 2016 10:53:19 PM com.nilostep.xlsql.jdbc.xlDriver connect
INFO: Connection to HSQL Database Engine established.
Jun 22, 2016 10:53:19 PM com.nilostep.xlsql.jdbc.xlDriver connect
INFO: Connection to HSQL Database Engine established.
Jun 22, 2016 10:53:19 PM com.nilostep.xlsql.jdbc.xlDriver connect
INFO: Connection to HSQL Database Engine established.
Jun 22, 2016 10:54:39 PM com.nilostep.xlsql.database.xlInstance <init>
INFO: Instance created with engine hsqldb
Jun 22, 2016 10:54:39 PM com.nilostep.xlsql.jdbc.xlDriver connect
INFO: Connection to HSQL Database Engine established.
Jun 22, 2016 10:54:39 PM com.nilostep.xlsql.jdbc.xlDriver connect
INFO: Connection to HSQL Database Engine established.
Jun 22, 2016 10:54:40 PM com.nilostep.xlsql.jdbc.xlDriver connect
INFO: Connection to HSQL Database Engine established.
Jun 22, 2016 10:54:40 PM com.nilostep.xlsql.jdbc.xlDriver connect
INFO: Connection to HSQL Database Engine established.
Jun 22, 2016 10:56:40 PM com.nilostep.xlsql.database.xlInstance <init>
INFO: Instance created with engine hsqldb
Jun 22, 2016 10:56:41 PM com.nilostep.xlsql.jdbc.xlDriver connect
INFO: Connection to HSQL Database Engine established.
Jun 22, 2016 10:56:41 PM com.nilostep.xlsql.jdbc.xlDriver connect
INFO: Connection to HSQL Database Engine established.
Jun 22, 2016 10:56:41 PM com.nilostep.xlsql.jdbc.xlDriver connect
INFO: Connection to HSQL Database Engine established.
Jun 22, 2016 10:56:41 PM com.nilostep.xlsql.jdbc.xlDriver connect
INFO: Connection to HSQL Database Engine established.
Jun 22, 2016 11:02:52 PM com.nilostep.xlsql.database.xlInstance <init>
INFO: Instance created with engine hsqldb
Jun 22, 2016 11:02:53 PM com.nilostep.xlsql.jdbc.xlDriver connect
INFO: Connection to HSQL Database Engine established.
Jun 22, 2016 11:02:53 PM com.nilostep.xlsql.jdbc.xlDriver connect
INFO: Connection to HSQL Database Engine established.
Jun 22, 2016 11:02:53 PM com.nilostep.xlsql.jdbc.xlDriver connect
INFO: Connection to HSQL Database Engine established.
Jun 22, 2016 11:02:54 PM com.nilostep.xlsql.jdbc.xlDriver connect
INFO: Connection to HSQL Database Engine established.
Jun 22, 2016 11:02:54 PM com.nilostep.xlsql.jdbc.xlDriver connect
INFO: Connection to HSQL Database Engine established.
Jun 22, 2016 11:02:54 PM com.nilostep.xlsql.jdbc.xlDriver connect
INFO: Connection to HSQL Database Engine established.
Jun 22, 2016 11:03:09 PM com.nilostep.xlsql.database.xlInstance <init>
INFO: Instance created with engine hsqldb
Jun 22, 2016 11:03:10 PM com.nilostep.xlsql.jdbc.xlDriver connect
INFO: Connection to HSQL Database Engine established.
Jun 22, 2016 11:03:10 PM com.nilostep.xlsql.jdbc.xlDriver connect
INFO: Connection to HSQL Database Engine established.
Jun 22, 2016 11:03:10 PM com.nilostep.xlsql.jdbc.xlDriver connect
INFO: Connection to HSQL Database Engine established.
Jun 22, 2016 11:03:11 PM com.nilostep.xlsql.jdbc.xlDriver connect
INFO: Connection to HSQL Database Engine established.
Jun 22, 2016 11:03:11 PM com.nilostep.xlsql.jdbc.xlDriver connect
INFO: Connection to HSQL Database Engine established.
Jun 22, 2016 11:03:11 PM com.nilostep.xlsql.jdbc.xlDriver connect
INFO: Connection to HSQL Database Engine established.
Jun 22, 2016 11:03:46 PM com.nilostep.xlsql.database.xlInstance <init>
INFO: Instance created with engine hsqldb
Jun 22, 2016 11:03:47 PM com.nilostep.xlsql.jdbc.xlDriver connect
INFO: Connection to HSQL Database Engine established.
Jun 22, 2016 11:03:47 PM com.nilostep.xlsql.jdbc.xlDriver connect
INFO: Connection to HSQL Database Engine established.
Jun 22, 2016 11:03:47 PM com.nilostep.xlsql.jdbc.xlDriver connect
INFO: Connection to HSQL Database Engine established.
Jun 22, 2016 11:03:48 PM com.nilostep.xlsql.jdbc.xlDriver connect
INFO: Connection to HSQL Database Engine established.
Jun 22, 2016 11:03:48 PM com.nilostep.xlsql.jdbc.xlDriver connect
INFO: Connection to HSQL Database Engine established.
Jun 22, 2016 11:03:48 PM com.nilostep.xlsql.jdbc.xlDriver connect
INFO: Connection to HSQL Database Engine established.
Jun 22, 2016 11:06:28 PM com.nilostep.xlsql.database.xlInstance <init>
INFO: Instance created with engine hsqldb
Jun 22, 2016 11:06:28 PM com.nilostep.xlsql.jdbc.xlDriver connect
INFO: Connection to HSQL Database Engine established.
Jun 22, 2016 11:06:29 PM com.nilostep.xlsql.jdbc.xlDriver connect
INFO: Connection to HSQL Database Engine established.
Jun 22, 2016 11:06:29 PM com.nilostep.xlsql.jdbc.xlDriver connect
INFO: Connection to HSQL Database Engine established.
Jun 22, 2016 11:06:29 PM com.nilostep.xlsql.jdbc.xlDriver connect
INFO: Connection to HSQL Database Engine established.
Jun 22, 2016 11:06:29 PM com.nilostep.xlsql.jdbc.xlDriver connect
INFO: Connection to HSQL Database Engine established.
Jun 22, 2016 11:06:30 PM com.nilostep.xlsql.jdbc.xlDriver connect
INFO: Connection to HSQL Database Engine established.
Jun 22, 2016 11:08:59 PM com.nilostep.xlsql.database.xlInstance <init>
INFO: Instance created with engine hsqldb
Jun 22, 2016 11:09:00 PM com.nilostep.xlsql.jdbc.xlDriver connect
INFO: Connection to HSQL Database Engine established.
Jun 22, 2016 11:09:00 PM com.nilostep.xlsql.jdbc.xlDriver connect
INFO: Connection to HSQL Database Engine established.
Jun 22, 2016 11:09:00 PM com.nilostep.xlsql.jdbc.xlDriver connect
INFO: Connection to HSQL Database Engine established.
Jun 22, 2016 11:09:01 PM com.nilostep.xlsql.jdbc.xlDriver connect
INFO: Connection to HSQL Database Engine established.
Jun 22, 2016 11:09:01 PM com.nilostep.xlsql.jdbc.xlDriver connect
INFO: Connection to HSQL Database Engine established.
Jun 22, 2016 11:09:01 PM com.nilostep.xlsql.jdbc.xlDriver connect
INFO: Connection to HSQL Database Engine established.
Jun 22, 2016 11:11:17 PM com.nilostep.xlsql.database.xlInstance <init>
INFO: Instance created with engine hsqldb
Jun 22, 2016 11:11:18 PM com.nilostep.xlsql.jdbc.xlDriver connect
INFO: Connection to HSQL Database Engine established.
Jun 22, 2016 11:11:18 PM com.nilostep.xlsql.jdbc.xlDriver connect
INFO: Connection to HSQL Database Engine established.
Jun 22, 2016 11:11:19 PM com.nilostep.xlsql.jdbc.xlDriver connect
INFO: Connection to HSQL Database Engine established.
Jun 22, 2016 11:11:19 PM com.nilostep.xlsql.jdbc.xlDriver connect
INFO: Connection to HSQL Database Engine established.
Jun 22, 2016 11:13:23 PM com.nilostep.xlsql.database.xlInstance <init>
INFO: Instance created with engine hsqldb
Jun 22, 2016 11:13:24 PM com.nilostep.xlsql.jdbc.xlDriver connect
INFO: Connection to HSQL Database Engine established.
Jun 22, 2016 11:13:24 PM com.nilostep.xlsql.jdbc.xlDriver connect
INFO: Connection to HSQL Database Engine established.
Jun 22, 2016 11:13:24 PM com.nilostep.xlsql.jdbc.xlDriver connect
INFO: Connection to HSQL Database Engine established.
Jun 22, 2016 11:13:25 PM com.nilostep.xlsql.jdbc.xlDriver connect
INFO: Connection to HSQL Database Engine established.
Jun 22, 2016 11:13:33 PM com.nilostep.xlsql.database.xlInstance <init>
INFO: Instance created with engine hsqldb
Jun 22, 2016 11:13:33 PM com.nilostep.xlsql.jdbc.xlDriver connect
INFO: Connection to HSQL Database Engine established.
Jun 22, 2016 11:13:34 PM com.nilostep.xlsql.jdbc.xlDriver connect
INFO: Connection to HSQL Database Engine established.
Jun 22, 2016 11:13:34 PM com.nilostep.xlsql.jdbc.xlDriver connect
INFO: Connection to HSQL Database Engine established.
Jun 22, 2016 11:13:35 PM com.nilostep.xlsql.jdbc.xlDriver connect
INFO: Connection to HSQL Database Engine established.
Jun 22, 2016 11:13:44 PM com.nilostep.xlsql.database.xlInstance <init>
INFO: Instance created with engine hsqldb
Jun 22, 2016 11:13:45 PM com.nilostep.xlsql.jdbc.xlDriver connect
INFO: Connection to HSQL Database Engine established.
Jun 22, 2016 11:13:45 PM com.nilostep.xlsql.jdbc.xlDriver connect
INFO: Connection to HSQL Database Engine established.
Jun 22, 2016 11:13:45 PM com.nilostep.xlsql.jdbc.xlDriver connect
INFO: Connection to HSQL Database Engine established.
Jun 22, 2016 11:13:46 PM com.nilostep.xlsql.jdbc.xlDriver connect
INFO: Connection to HSQL Database Engine established.
Jun 22, 2016 11:15:24 PM com.nilostep.xlsql.database.xlInstance <init>
INFO: Instance created with engine hsqldb
Jun 22, 2016 11:15:25 PM com.nilostep.xlsql.jdbc.xlDriver connect
INFO: Connection to HSQL Database Engine established.
Jun 22, 2016 11:15:25 PM com.nilostep.xlsql.jdbc.xlDriver connect
INFO: Connection to HSQL Database Engine established.
Jun 22, 2016 11:15:26 PM com.nilostep.xlsql.jdbc.xlDriver connect
INFO: Connection to HSQL Database Engine established.
Jun 22, 2016 11:15:26 PM com.nilostep.xlsql.jdbc.xlDriver connect
INFO: Connection to HSQL Database Engine established.
Jun 22, 2016 11:15:32 PM com.nilostep.xlsql.database.xlInstance <init>
INFO: Instance created with engine hsqldb
Jun 22, 2016 11:15:33 PM com.nilostep.xlsql.jdbc.xlDriver connect
INFO: Connection to HSQL Database Engine established.
Jun 22, 2016 11:15:33 PM com.nilostep.xlsql.jdbc.xlDriver connect
INFO: Connection to HSQL Database Engine established.
Jun 22, 2016 11:15:33 PM com.nilostep.xlsql.jdbc.xlDriver connect
INFO: Connection to HSQL Database Engine established.
Jun 22, 2016 11:15:34 PM com.nilostep.xlsql.jdbc.xlDriver connect
INFO: Connection to HSQL Database Engine established.
Jun 22, 2016 11:15:46 PM com.nilostep.xlsql.database.xlInstance <init>
INFO: Instance created with engine hsqldb
Jun 22, 2016 11:15:47 PM com.nilostep.xlsql.jdbc.xlDriver connect
INFO: Connection to HSQL Database Engine established.
Jun 22, 2016 11:15:47 PM com.nilostep.xlsql.jdbc.xlDriver connect
INFO: Connection to HSQL Database Engine established.
Jun 22, 2016 11:15:47 PM com.nilostep.xlsql.jdbc.xlDriver connect
INFO: Connection to HSQL Database Engine established.
Jun 22, 2016 11:15:48 PM com.nilostep.xlsql.jdbc.xlDriver connect
INFO: Connection to HSQL Database Engine established.
Jun 22, 2016 11:17:06 PM com.nilostep.xlsql.database.xlInstance <init>
INFO: Instance created with engine hsqldb
Jun 22, 2016 11:17:06 PM com.nilostep.xlsql.jdbc.xlDriver connect
INFO: Connection to HSQL Database Engine established.
Jun 22, 2016 11:17:07 PM com.nilostep.xlsql.jdbc.xlDriver connect
INFO: Connection to HSQL Database Engine established.
Jun 22, 2016 11:17:07 PM com.nilostep.xlsql.jdbc.xlDriver connect
INFO: Connection to HSQL Database Engine established.
Jun 22, 2016 11:17:07 PM com.nilostep.xlsql.jdbc.xlDriver connect
INFO: Connection to HSQL Database Engine established.
Jun 22, 2016 11:21:18 PM com.nilostep.xlsql.database.xlInstance <init>
INFO: Instance created with engine hsqldb
Jun 22, 2016 11:21:19 PM com.nilostep.xlsql.jdbc.xlDriver connect
INFO: Connection to HSQL Database Engine established.
Jun 22, 2016 11:21:19 PM com.nilostep.xlsql.jdbc.xlDriver connect
INFO: Connection to HSQL Database Engine established.
Jun 22, 2016 11:21:19 PM com.nilostep.xlsql.jdbc.xlDriver connect
INFO: Connection to HSQL Database Engine established.
Jun 22, 2016 11:21:20 PM com.nilostep.xlsql.jdbc.xlDriver connect
INFO: Connection to HSQL Database Engine established.
Jun 23, 2016 8:09:29 AM com.nilostep.xlsql.database.xlInstance <init>
INFO: Instance created with engine hsqldb
Jun 23, 2016 8:09:30 AM com.nilostep.xlsql.jdbc.xlDriver connect
INFO: Connection to HSQL Database Engine established.
Jun 23, 2016 8:09:31 AM com.nilostep.xlsql.jdbc.xlDriver connect
INFO: Connection to HSQL Database Engine established.
Jun 23, 2016 8:09:31 AM com.nilostep.xlsql.jdbc.xlDriver connect
INFO: Connection to HSQL Database Engine established.
Jun 23, 2016 8:09:31 AM com.nilostep.xlsql.jdbc.xlDriver connect
INFO: Connection to HSQL Database Engine established.
Jun 23, 2016 8:12:16 AM com.nilostep.xlsql.database.xlInstance <init>
INFO: Instance created with engine hsqldb
Jun 23, 2016 8:12:16 AM com.nilostep.xlsql.jdbc.xlDriver connect
INFO: Connection to HSQL Database Engine established.
Jun 23, 2016 8:12:17 AM com.nilostep.xlsql.jdbc.xlDriver connect
INFO: Connection to HSQL Database Engine established.
Jun 23, 2016 8:18:09 AM com.nilostep.xlsql.database.xlInstance <init>
INFO: Instance created with engine hsqldb
Jun 23, 2016 8:18:10 AM com.nilostep.xlsql.jdbc.xlDriver connect
INFO: Connection to HSQL Database Engine established.
Jun 23, 2016 8:18:10 AM com.nilostep.xlsql.jdbc.xlDriver connect
INFO: Connection to HSQL Database Engine established.
Jun 23, 2016 8:18:38 AM com.nilostep.xlsql.database.xlInstance <init>
INFO: Instance created with engine hsqldb
Jun 23, 2016 8:18:39 AM com.nilostep.xlsql.jdbc.xlDriver connect
INFO: Connection to HSQL Database Engine established.
Jun 23, 2016 8:18:39 AM com.nilostep.xlsql.jdbc.xlDriver connect
INFO: Connection to HSQL Database Engine established.
Jun 23, 2016 8:19:35 AM com.nilostep.xlsql.database.xlInstance <init>
INFO: Instance created with engine hsqldb
Jun 23, 2016 8:19:36 AM com.nilostep.xlsql.jdbc.xlDriver connect
INFO: Connection to HSQL Database Engine established.
Jun 23, 2016 8:19:37 AM com.nilostep.xlsql.jdbc.xlDriver connect
INFO: Connection to HSQL Database Engine established.
Jun 23, 2016 8:22:42 AM com.nilostep.xlsql.database.xlInstance <init>
INFO: Instance created with engine hsqldb
Jun 23, 2016 8:22:43 AM com.nilostep.xlsql.jdbc.xlDriver connect
INFO: Connection to HSQL Database Engine established.
Jun 23, 2016 8:22:43 AM com.nilostep.xlsql.jdbc.xlDriver connect
INFO: Connection to HSQL Database Engine established.
Jun 23, 2016 8:26:28 AM com.nilostep.xlsql.database.xlInstance <init>
INFO: Instance created with engine hsqldb
Jun 23, 2016 8:26:28 AM com.nilostep.xlsql.jdbc.xlDriver connect
INFO: Connection to HSQL Database Engine established.
Jun 23, 2016 8:26:29 AM com.nilostep.xlsql.jdbc.xlDriver connect
INFO: Connection to HSQL Database Engine established.
Jun 23, 2016 8:32:51 AM com.nilostep.xlsql.database.xlInstance <init>
INFO: Instance created with engine hsqldb
Jun 23, 2016 8:32:52 AM com.nilostep.xlsql.jdbc.xlDriver connect
INFO: Connection to HSQL Database Engine established.
Jun 23, 2016 8:32:52 AM com.nilostep.xlsql.jdbc.xlDriver connect
INFO: Connection to HSQL Database Engine established.
Jun 23, 2016 8:35:52 AM com.nilostep.xlsql.database.xlInstance <init>
INFO: Instance created with engine hsqldb
Jun 23, 2016 8:35:53 AM com.nilostep.xlsql.jdbc.xlDriver connect
INFO: Connection to HSQL Database Engine established.
Jun 23, 2016 8:35:53 AM com.nilostep.xlsql.jdbc.xlDriver connect
INFO: Connection to HSQL Database Engine established.
Jun 23, 2016 8:41:15 AM com.nilostep.xlsql.database.xlInstance <init>
INFO: Instance created with engine hsqldb
Jun 23, 2016 8:41:16 AM com.nilostep.xlsql.jdbc.xlDriver connect
INFO: Connection to HSQL Database Engine established.
Jun 23, 2016 8:41:16 AM com.nilostep.xlsql.jdbc.xlDriver connect
INFO: Connection to HSQL Database Engine established.
Jun 23, 2016 8:45:12 AM com.nilostep.xlsql.database.xlInstance <init>
INFO: Instance created with engine hsqldb
Jun 23, 2016 8:45:12 AM com.nilostep.xlsql.jdbc.xlDriver connect
INFO: Connection to HSQL Database Engine established.
Jun 23, 2016 8:45:13 AM com.nilostep.xlsql.jdbc.xlDriver connect
INFO: Connection to HSQL Database Engine established.
Jun 23, 2016 8:46:10 AM com.nilostep.xlsql.database.xlInstance <init>
INFO: Instance created with engine hsqldb
Jun 23, 2016 8:46:11 AM com.nilostep.xlsql.jdbc.xlDriver connect
INFO: Connection to HSQL Database Engine established.
Jun 23, 2016 8:46:11 AM com.nilostep.xlsql.jdbc.xlDriver connect
INFO: Connection to HSQL Database Engine established.
Jun 23, 2016 8:46:34 AM com.nilostep.xlsql.database.xlInstance <init>
INFO: Instance created with engine hsqldb
Jun 23, 2016 8:46:35 AM com.nilostep.xlsql.jdbc.xlDriver connect
INFO: Connection to HSQL Database Engine established.
Jun 23, 2016 8:46:35 AM com.nilostep.xlsql.jdbc.xlDriver connect
INFO: Connection to HSQL Database Engine established.
Jun 23, 2016 8:50:37 AM com.nilostep.xlsql.database.xlInstance <init>
INFO: Instance created with engine hsqldb
Jun 23, 2016 8:50:38 AM com.nilostep.xlsql.jdbc.xlDriver connect
INFO: Connection to HSQL Database Engine established.
Jun 23, 2016 8:50:38 AM com.nilostep.xlsql.jdbc.xlDriver connect
INFO: Connection to HSQL Database Engine established.
Jun 23, 2016 8:53:16 AM com.nilostep.xlsql.database.xlInstance <init>
INFO: Instance created with engine hsqldb
Jun 23, 2016 8:53:17 AM com.nilostep.xlsql.jdbc.xlDriver connect
INFO: Connection to HSQL Database Engine established.
Jun 23, 2016 8:53:17 AM com.nilostep.xlsql.jdbc.xlDriver connect
INFO: Connection to HSQL Database Engine established.
Jun 23, 2016 8:55:54 AM com.nilostep.xlsql.database.xlInstance <init>
INFO: Instance created with engine hsqldb
Jun 23, 2016 8:55:58 AM com.nilostep.xlsql.jdbc.xlDriver connect
INFO: Connection to HSQL Database Engine established.
Jun 23, 2016 8:56:09 AM com.nilostep.xlsql.jdbc.xlDriver connect
INFO: Connection to HSQL Database Engine established.
Jun 23, 2016 8:57:00 AM com.nilostep.xlsql.database.xlInstance <init>
INFO: Instance created with engine hsqldb
Jun 23, 2016 8:57:04 AM com.nilostep.xlsql.jdbc.xlDriver connect
INFO: Connection to HSQL Database Engine established.
Jun 23, 2016 8:57:05 AM com.nilostep.xlsql.jdbc.xlDriver connect
INFO: Connection to HSQL Database Engine established.
Jun 23, 2016 8:59:38 AM com.nilostep.xlsql.database.xlInstance <init>
INFO: Instance created with engine hsqldb
Jun 23, 2016 8:59:39 AM com.nilostep.xlsql.jdbc.xlDriver connect
INFO: Connection to HSQL Database Engine established.
Jun 23, 2016 8:59:39 AM com.nilostep.xlsql.jdbc.xlDriver connect
INFO: Connection to HSQL Database Engine established.
Jun 23, 2016 9:00:47 AM com.nilostep.xlsql.database.xlInstance <init>
INFO: Instance created with engine hsqldb
Jun 23, 2016 9:00:47 AM com.nilostep.xlsql.jdbc.xlDriver connect
INFO: Connection to HSQL Database Engine established.
Jun 23, 2016 9:00:48 AM com.nilostep.xlsql.jdbc.xlDriver connect
INFO: Connection to HSQL Database Engine established.
Jun 23, 2016 9:01:10 AM com.nilostep.xlsql.database.xlInstance <init>
INFO: Instance created with engine hsqldb
Jun 23, 2016 9:01:10 AM com.nilostep.xlsql.jdbc.xlDriver connect
INFO: Connection to HSQL Database Engine established.
Jun 23, 2016 9:01:11 AM com.nilostep.xlsql.jdbc.xlDriver connect
INFO: Connection to HSQL Database Engine established.
Jun 23, 2016 9:02:51 AM com.nilostep.xlsql.database.xlInstance <init>
INFO: Instance created with engine hsqldb
Jun 23, 2016 9:02:52 AM com.nilostep.xlsql.jdbc.xlDriver connect
INFO: Connection to HSQL Database Engine established.
Jun 23, 2016 9:02:52 AM com.nilostep.xlsql.jdbc.xlDriver connect
INFO: Connection to HSQL Database Engine established.
Jun 23, 2016 9:09:33 AM com.nilostep.xlsql.database.xlInstance <init>
INFO: Instance created with engine hsqldb
Jun 23, 2016 9:09:33 AM com.nilostep.xlsql.jdbc.xlDriver connect
INFO: Connection to HSQL Database Engine established.
Jun 23, 2016 9:09:34 AM com.nilostep.xlsql.jdbc.xlDriver connect
INFO: Connection to HSQL Database Engine established.
Jun 23, 2016 9:11:11 AM com.nilostep.xlsql.database.xlInstance <init>
INFO: Instance created with engine hsqldb
Jun 23, 2016 9:11:12 AM com.nilostep.xlsql.jdbc.xlDriver connect
INFO: Connection to HSQL Database Engine established.
Jun 23, 2016 9:11:13 AM com.nilostep.xlsql.jdbc.xlDriver connect
INFO: Connection to HSQL Database Engine established.
Jun 23, 2016 9:11:21 AM com.nilostep.xlsql.database.xlInstance <init>
INFO: Instance created with engine hsqldb
Jun 23, 2016 9:11:21 AM com.nilostep.xlsql.jdbc.xlDriver connect
INFO: Connection to HSQL Database Engine established.
Jun 23, 2016 9:11:22 AM com.nilostep.xlsql.jdbc.xlDriver connect
INFO: Connection to HSQL Database Engine established.
Jun 23, 2016 9:11:53 AM com.nilostep.xlsql.database.xlInstance <init>
INFO: Instance created with engine hsqldb
Jun 23, 2016 9:11:53 AM com.nilostep.xlsql.jdbc.xlDriver connect
INFO: Connection to HSQL Database Engine established.
Jun 23, 2016 9:11:54 AM com.nilostep.xlsql.jdbc.xlDriver connect
INFO: Connection to HSQL Database Engine established.
Jun 23, 2016 9:12:26 AM com.nilostep.xlsql.database.xlInstance <init>
INFO: Instance created with engine hsqldb
Jun 23, 2016 9:12:27 AM com.nilostep.xlsql.jdbc.xlDriver connect
INFO: Connection to HSQL Database Engine established.
Jun 23, 2016 9:12:27 AM com.nilostep.xlsql.jdbc.xlDriver connect
INFO: Connection to HSQL Database Engine established.
Jun 23, 2016 9:15:57 AM com.nilostep.xlsql.database.xlInstance <init>
INFO: Instance created with engine hsqldb
Jun 23, 2016 9:15:58 AM com.nilostep.xlsql.jdbc.xlDriver connect
INFO: Connection to HSQL Database Engine established.
Jun 23, 2016 9:15:58 AM com.nilostep.xlsql.jdbc.xlDriver connect
INFO: Connection to HSQL Database Engine established.
Jun 23, 2016 9:18:01 AM com.nilostep.xlsql.database.xlInstance <init>
INFO: Instance created with engine hsqldb
Jun 23, 2016 9:18:01 AM com.nilostep.xlsql.jdbc.xlDriver connect
INFO: Connection to HSQL Database Engine established.
Jun 23, 2016 9:18:02 AM com.nilostep.xlsql.jdbc.xlDriver connect
INFO: Connection to HSQL Database Engine established.
Jun 23, 2016 10:03:43 AM com.nilostep.xlsql.database.xlInstance <init>
INFO: Instance created with engine hsqldb
Jun 23, 2016 10:03:44 AM com.nilostep.xlsql.jdbc.xlDriver connect
INFO: Connection to HSQL Database Engine established.
Jun 23, 2016 10:03:44 AM com.nilostep.xlsql.jdbc.xlDriver connect
INFO: Connection to HSQL Database Engine established.
Jun 23, 2016 10:04:11 AM com.nilostep.xlsql.database.xlInstance <init>
INFO: Instance created with engine hsqldb
Jun 23, 2016 10:04:12 AM com.nilostep.xlsql.jdbc.xlDriver connect
INFO: Connection to HSQL Database Engine established.
Jun 23, 2016 10:04:12 AM com.nilostep.xlsql.jdbc.xlDriver connect
INFO: Connection to HSQL Database Engine established.
Jun 23, 2016 10:05:41 AM com.nilostep.xlsql.database.xlInstance <init>
INFO: Instance created with engine hsqldb
Jun 23, 2016 10:05:42 AM com.nilostep.xlsql.jdbc.xlDriver connect
INFO: Connection to HSQL Database Engine established.
Jun 23, 2016 10:05:42 AM com.nilostep.xlsql.jdbc.xlDriver connect
INFO: Connection to HSQL Database Engine established.
Jun 23, 2016 10:05:45 AM com.nilostep.xlsql.database.xlInstance <init>
INFO: Instance created with engine hsqldb
Jun 23, 2016 10:05:45 AM com.nilostep.xlsql.jdbc.xlDriver connect
INFO: Connection to HSQL Database Engine established.
Jun 23, 2016 10:05:46 AM com.nilostep.xlsql.jdbc.xlDriver connect
INFO: Connection to HSQL Database Engine established.
Jun 23, 2016 10:06:25 AM com.nilostep.xlsql.database.xlInstance <init>
INFO: Instance created with engine hsqldb
Jun 23, 2016 10:06:26 AM com.nilostep.xlsql.jdbc.xlDriver connect
INFO: Connection to HSQL Database Engine established.
Jun 23, 2016 10:06:26 AM com.nilostep.xlsql.jdbc.xlDriver connect
INFO: Connection to HSQL Database Engine established.
Jun 23, 2016 10:07:25 AM com.nilostep.xlsql.database.xlInstance <init>
INFO: Instance created with engine hsqldb
Jun 23, 2016 10:07:25 AM com.nilostep.xlsql.jdbc.xlDriver connect
INFO: Connection to HSQL Database Engine established.
Jun 23, 2016 10:07:26 AM com.nilostep.xlsql.jdbc.xlDriver connect
INFO: Connection to HSQL Database Engine established.
Jun 23, 2016 10:07:37 AM com.nilostep.xlsql.database.xlInstance <init>
INFO: Instance created with engine hsqldb
Jun 23, 2016 10:07:38 AM com.nilostep.xlsql.jdbc.xlDriver connect
INFO: Connection to HSQL Database Engine established.
Jun 23, 2016 10:07:38 AM com.nilostep.xlsql.jdbc.xlDriver connect
INFO: Connection to HSQL Database Engine established.
Jun 23, 2016 10:09:26 AM com.nilostep.xlsql.database.xlInstance <init>
INFO: Instance created with engine hsqldb
Jun 23, 2016 10:09:27 AM com.nilostep.xlsql.jdbc.xlDriver connect
INFO: Connection to HSQL Database Engine established.
Jun 23, 2016 10:09:27 AM com.nilostep.xlsql.jdbc.xlDriver connect
INFO: Connection to HSQL Database Engine established.
Jun 23, 2016 10:09:35 AM com.nilostep.xlsql.database.xlInstance <init>
INFO: Instance created with engine hsqldb
Jun 23, 2016 10:09:36 AM com.nilostep.xlsql.jdbc.xlDriver connect
INFO: Connection to HSQL Database Engine established.
Jun 23, 2016 10:09:36 AM com.nilostep.xlsql.jdbc.xlDriver connect
INFO: Connection to HSQL Database Engine established.
Jun 23, 2016 10:17:32 AM com.nilostep.xlsql.database.xlInstance <init>
INFO: Instance created with engine hsqldb
Jun 23, 2016 10:17:33 AM com.nilostep.xlsql.jdbc.xlDriver connect
INFO: Connection to HSQL Database Engine established.
Jun 23, 2016 10:17:33 AM com.nilostep.xlsql.jdbc.xlDriver connect
INFO: Connection to HSQL Database Engine established.
Jun 23, 2016 10:17:34 AM com.nilostep.xlsql.jdbc.xlDriver connect
INFO: Connection to HSQL Database Engine established.
Jun 23, 2016 10:17:34 AM com.nilostep.xlsql.jdbc.xlDriver connect
INFO: Connection to HSQL Database Engine established.
Jun 23, 2016 10:17:34 AM com.nilostep.xlsql.jdbc.xlDriver connect
INFO: Connection to HSQL Database Engine established.
Jun 23, 2016 10:24:38 AM com.nilostep.xlsql.database.xlInstance <init>
INFO: Instance created with engine hsqldb
Jun 23, 2016 10:24:39 AM com.nilostep.xlsql.jdbc.xlDriver connect
INFO: Connection to HSQL Database Engine established.
Jun 23, 2016 10:24:39 AM com.nilostep.xlsql.jdbc.xlDriver connect
INFO: Connection to HSQL Database Engine established.
Jun 23, 2016 10:24:40 AM com.nilostep.xlsql.jdbc.xlDriver connect
INFO: Connection to HSQL Database Engine established.
Jun 23, 2016 10:24:40 AM com.nilostep.xlsql.jdbc.xlDriver connect
INFO: Connection to HSQL Database Engine established.
Jun 23, 2016 10:24:40 AM com.nilostep.xlsql.jdbc.xlDriver connect
INFO: Connection to HSQL Database Engine established.
Jun 23, 2016 10:25:05 AM com.nilostep.xlsql.database.xlInstance <init>
INFO: Instance created with engine hsqldb
Jun 23, 2016 10:25:05 AM com.nilostep.xlsql.jdbc.xlDriver connect
INFO: Connection to HSQL Database Engine established.
Jun 23, 2016 10:25:06 AM com.nilostep.xlsql.jdbc.xlDriver connect
INFO: Connection to HSQL Database Engine established.
Jun 23, 2016 10:25:06 AM com.nilostep.xlsql.jdbc.xlDriver connect
INFO: Connection to HSQL Database Engine established.
Jun 23, 2016 10:25:06 AM com.nilostep.xlsql.jdbc.xlDriver connect
INFO: Connection to HSQL Database Engine established.
Jun 23, 2016 10:25:07 AM com.nilostep.xlsql.jdbc.xlDriver connect
INFO: Connection to HSQL Database Engine established.
Jun 23, 2016 10:29:07 AM com.nilostep.xlsql.database.xlInstance <init>
INFO: Instance created with engine hsqldb
Jun 23, 2016 10:29:08 AM com.nilostep.xlsql.jdbc.xlDriver connect
INFO: Connection to HSQL Database Engine established.
Jun 23, 2016 10:29:08 AM com.nilostep.xlsql.jdbc.xlDriver connect
INFO: Connection to HSQL Database Engine established.
Jun 23, 2016 10:29:09 AM com.nilostep.xlsql.jdbc.xlDriver connect
INFO: Connection to HSQL Database Engine established.
Jun 23, 2016 10:29:09 AM com.nilostep.xlsql.jdbc.xlDriver connect
INFO: Connection to HSQL Database Engine established.
Jun 23, 2016 10:29:09 AM com.nilostep.xlsql.jdbc.xlDriver connect
INFO: Connection to HSQL Database Engine established.
Jun 23, 2016 11:44:46 AM com.nilostep.xlsql.database.xlInstance <init>
INFO: Instance created with engine hsqldb
Jun 23, 2016 11:44:46 AM com.nilostep.xlsql.jdbc.xlDriver connect
INFO: Connection to HSQL Database Engine established.
Jun 23, 2016 11:44:47 AM com.nilostep.xlsql.jdbc.xlDriver connect
INFO: Connection to HSQL Database Engine established.
Jun 23, 2016 11:45:42 AM com.nilostep.xlsql.database.xlInstance <init>
INFO: Instance created with engine hsqldb
Jun 23, 2016 11:45:42 AM com.nilostep.xlsql.jdbc.xlDriver connect
INFO: Connection to HSQL Database Engine established.
Jun 23, 2016 11:45:58 AM com.nilostep.xlsql.database.xlInstance <init>
INFO: Instance created with engine hsqldb
Jun 23, 2016 11:45:58 AM com.nilostep.xlsql.jdbc.xlDriver connect
INFO: Connection to HSQL Database Engine established.
Jun 23, 2016 11:49:52 AM com.nilostep.xlsql.database.xlInstance <init>
INFO: Instance created with engine hsqldb
Jun 23, 2016 11:49:53 AM com.nilostep.xlsql.jdbc.xlDriver connect
INFO: Connection to HSQL Database Engine established.
Jun 23, 2016 11:49:53 AM com.nilostep.xlsql.jdbc.xlDriver connect
INFO: Connection to HSQL Database Engine established.
Jun 23, 2016 11:52:51 AM com.nilostep.xlsql.database.xlInstance <init>
INFO: Instance created with engine hsqldb
Jun 23, 2016 11:52:52 AM com.nilostep.xlsql.jdbc.xlDriver connect
INFO: Connection to HSQL Database Engine established.
Jun 23, 2016 12:20:34 PM com.nilostep.xlsql.database.xlInstance <init>
INFO: Instance created with engine hsqldb
Jun 23, 2016 12:20:35 PM com.nilostep.xlsql.jdbc.xlDriver connect
INFO: Connection to HSQL Database Engine established.
Jun 23, 2016 12:20:35 PM com.nilostep.xlsql.jdbc.xlDriver connect
INFO: Connection to HSQL Database Engine established.
Jun 23, 2016 3:09:13 PM com.nilostep.xlsql.database.xlInstance <init>
INFO: Instance created with engine hsqldb
Jun 23, 2016 3:09:16 PM com.nilostep.xlsql.jdbc.xlDriver connect
INFO: Connection to HSQL Database Engine established.
Jun 23, 2016 3:09:17 PM com.nilostep.xlsql.jdbc.xlDriver connect
INFO: Connection to HSQL Database Engine established.
Jun 23, 2016 3:12:44 PM com.nilostep.xlsql.database.xlInstance <init>
INFO: Instance created with engine hsqldb
Jun 23, 2016 3:12:46 PM com.nilostep.xlsql.jdbc.xlDriver connect
INFO: Connection to HSQL Database Engine established.
Jun 23, 2016 3:12:48 PM com.nilostep.xlsql.jdbc.xlDriver connect
INFO: Connection to HSQL Database Engine established.
Jun 23, 2016 3:15:28 PM com.nilostep.xlsql.database.xlInstance <init>
INFO: Instance created with engine hsqldb
Jun 23, 2016 3:15:31 PM com.nilostep.xlsql.jdbc.xlDriver connect
INFO: Connection to HSQL Database Engine established.
Jun 23, 2016 3:15:32 PM com.nilostep.xlsql.jdbc.xlDriver connect
INFO: Connection to HSQL Database Engine established.
Jun 23, 2016 3:16:28 PM com.nilostep.xlsql.database.xlInstance <init>
INFO: Instance created with engine hsqldb
Jun 23, 2016 3:16:31 PM com.nilostep.xlsql.jdbc.xlDriver connect
INFO: Connection to HSQL Database Engine established.
Jun 23, 2016 3:16:32 PM com.nilostep.xlsql.jdbc.xlDriver connect
INFO: Connection to HSQL Database Engine established.
Jun 23, 2016 3:18:05 PM com.nilostep.xlsql.database.xlInstance <init>
INFO: Instance created with engine hsqldb
Jun 23, 2016 3:18:07 PM com.nilostep.xlsql.jdbc.xlDriver connect
INFO: Connection to HSQL Database Engine established.
Jun 23, 2016 3:18:09 PM com.nilostep.xlsql.jdbc.xlDriver connect
INFO: Connection to HSQL Database Engine established.
Jun 23, 2016 3:19:19 PM com.nilostep.xlsql.database.xlInstance <init>
INFO: Instance created with engine hsqldb
Jun 23, 2016 3:19:20 PM com.nilostep.xlsql.jdbc.xlDriver connect
INFO: Connection to HSQL Database Engine established.
Jun 23, 2016 3:19:21 PM com.nilostep.xlsql.jdbc.xlDriver connect
INFO: Connection to HSQL Database Engine established.
Jun 23, 2016 3:24:30 PM com.nilostep.xlsql.database.xlInstance <init>
INFO: Instance created with engine hsqldb
Jun 23, 2016 3:24:32 PM com.nilostep.xlsql.jdbc.xlDriver connect
INFO: Connection to HSQL Database Engine established.
Jun 23, 2016 3:24:33 PM com.nilostep.xlsql.jdbc.xlDriver connect
INFO: Connection to HSQL Database Engine established.
Jun 23, 2016 3:25:32 PM com.nilostep.xlsql.database.xlInstance <init>
INFO: Instance created with engine hsqldb
Jun 23, 2016 3:25:33 PM com.nilostep.xlsql.jdbc.xlDriver connect
INFO: Connection to HSQL Database Engine established.
Jun 23, 2016 3:25:34 PM com.nilostep.xlsql.jdbc.xlDriver connect
INFO: Connection to HSQL Database Engine established.
Jun 23, 2016 3:52:45 PM com.nilostep.xlsql.database.xlInstance <init>
INFO: Instance created with engine hsqldb
Jun 23, 2016 3:52:47 PM com.nilostep.xlsql.jdbc.xlDriver connect
INFO: Connection to HSQL Database Engine established.
Jun 23, 2016 3:53:32 PM com.nilostep.xlsql.database.xlInstance <init>
INFO: Instance created with engine hsqldb
Jun 23, 2016 3:53:34 PM com.nilostep.xlsql.jdbc.xlDriver connect
INFO: Connection to HSQL Database Engine established.
Jun 23, 2016 3:55:13 PM com.nilostep.xlsql.database.xlInstance <init>
INFO: Instance created with engine hsqldb
Jun 23, 2016 3:55:14 PM com.nilostep.xlsql.jdbc.xlDriver connect
INFO: Connection to HSQL Database Engine established.
Jun 23, 2016 4:00:57 PM com.nilostep.xlsql.database.xlInstance <init>
INFO: Instance created with engine hsqldb
Jun 23, 2016 4:00:59 PM com.nilostep.xlsql.jdbc.xlDriver connect
INFO: Connection to HSQL Database Engine established.
Jun 23, 2016 4:01:01 PM com.nilostep.xlsql.jdbc.xlDriver connect
INFO: Connection to HSQL Database Engine established.
Jun 23, 2016 4:01:02 PM com.nilostep.xlsql.jdbc.xlDriver connect
INFO: Connection to HSQL Database Engine established.
Jun 23, 2016 4:01:36 PM com.nilostep.xlsql.database.xlInstance <init>
INFO: Instance created with engine hsqldb
Jun 23, 2016 4:01:38 PM com.nilostep.xlsql.jdbc.xlDriver connect
INFO: Connection to HSQL Database Engine established.
Jun 23, 2016 4:01:50 PM com.nilostep.xlsql.database.xlInstance <init>
INFO: Instance created with engine hsqldb
Jun 23, 2016 4:01:53 PM com.nilostep.xlsql.jdbc.xlDriver connect
INFO: Connection to HSQL Database Engine established.
Jun 23, 2016 4:02:16 PM com.nilostep.xlsql.database.xlInstance <init>
INFO: Instance created with engine hsqldb
Jun 23, 2016 4:02:19 PM com.nilostep.xlsql.jdbc.xlDriver connect
INFO: Connection to HSQL Database Engine established.
Jun 23, 2016 4:02:21 PM com.nilostep.xlsql.jdbc.xlDriver connect
INFO: Connection to HSQL Database Engine established.
Jun 23, 2016 4:02:22 PM com.nilostep.xlsql.jdbc.xlDriver connect
INFO: Connection to HSQL Database Engine established.
Jun 23, 2016 4:02:34 PM com.nilostep.xlsql.database.xlInstance <init>
INFO: Instance created with engine hsqldb
Jun 23, 2016 4:02:36 PM com.nilostep.xlsql.jdbc.xlDriver connect
INFO: Connection to HSQL Database Engine established.
Jun 23, 2016 4:03:05 PM com.nilostep.xlsql.database.xlInstance <init>
INFO: Instance created with engine hsqldb
Jun 23, 2016 4:03:07 PM com.nilostep.xlsql.jdbc.xlDriver connect
INFO: Connection to HSQL Database Engine established.
Jun 23, 2016 4:03:22 PM com.nilostep.xlsql.database.xlInstance <init>
INFO: Instance created with engine hsqldb
Jun 23, 2016 4:03:25 PM com.nilostep.xlsql.jdbc.xlDriver connect
INFO: Connection to HSQL Database Engine established.
Jun 23, 2016 4:03:27 PM com.nilostep.xlsql.jdbc.xlDriver connect
INFO: Connection to HSQL Database Engine established.
Jun 23, 2016 4:03:28 PM com.nilostep.xlsql.jdbc.xlDriver connect
INFO: Connection to HSQL Database Engine established.
Jun 23, 2016 4:06:23 PM com.nilostep.xlsql.database.xlInstance <init>
INFO: Instance created with engine hsqldb
Jun 23, 2016 4:06:25 PM com.nilostep.xlsql.jdbc.xlDriver connect
INFO: Connection to HSQL Database Engine established.
Jun 23, 2016 4:06:27 PM com.nilostep.xlsql.jdbc.xlDriver connect
INFO: Connection to HSQL Database Engine established.
Jun 23, 2016 4:06:28 PM com.nilostep.xlsql.jdbc.xlDriver connect
INFO: Connection to HSQL Database Engine established.
Jun 23, 2016 4:06:39 PM com.nilostep.xlsql.database.xlInstance <init>
INFO: Instance created with engine hsqldb
Jun 23, 2016 4:06:42 PM com.nilostep.xlsql.jdbc.xlDriver connect
INFO: Connection to HSQL Database Engine established.
Jun 23, 2016 4:08:09 PM com.nilostep.xlsql.database.xlInstance <init>
INFO: Instance created with engine hsqldb
Jun 23, 2016 4:08:11 PM com.nilostep.xlsql.jdbc.xlDriver connect
INFO: Connection to HSQL Database Engine established.
Jun 23, 2016 4:08:13 PM com.nilostep.xlsql.jdbc.xlDriver connect
INFO: Connection to HSQL Database Engine established.
Jun 23, 2016 4:08:15 PM com.nilostep.xlsql.jdbc.xlDriver connect
INFO: Connection to HSQL Database Engine established.
Jun 23, 2016 4:13:31 PM com.nilostep.xlsql.database.xlInstance <init>
INFO: Instance created with engine hsqldb
Jun 23, 2016 4:13:32 PM com.nilostep.xlsql.jdbc.xlDriver connect
INFO: Connection to HSQL Database Engine established.
Jun 23, 2016 4:13:33 PM com.nilostep.xlsql.jdbc.xlDriver connect
INFO: Connection to HSQL Database Engine established.
Jun 23, 2016 4:13:34 PM com.nilostep.xlsql.jdbc.xlDriver connect
INFO: Connection to HSQL Database Engine established.
Jun 23, 2016 4:13:35 PM com.nilostep.xlsql.jdbc.xlDriver connect
INFO: Connection to HSQL Database Engine established.
Jun 23, 2016 4:36:56 PM com.nilostep.xlsql.database.xlInstance <init>
INFO: Instance created with engine hsqldb
Jun 23, 2016 4:36:57 PM com.nilostep.xlsql.jdbc.xlDriver connect
INFO: Connection to HSQL Database Engine established.
Jun 23, 2016 4:36:59 PM com.nilostep.xlsql.jdbc.xlDriver connect
INFO: Connection to HSQL Database Engine established.
Jun 23, 2016 4:37:00 PM com.nilostep.xlsql.jdbc.xlDriver connect
INFO: Connection to HSQL Database Engine established.
Jun 23, 2016 4:37:01 PM com.nilostep.xlsql.jdbc.xlDriver connect
INFO: Connection to HSQL Database Engine established.
Jun 23, 2016 4:38:38 PM com.nilostep.xlsql.database.xlInstance <init>
INFO: Instance created with engine hsqldb
Jun 23, 2016 4:38:39 PM com.nilostep.xlsql.jdbc.xlDriver connect
INFO: Connection to HSQL Database Engine established.
Jun 23, 2016 4:38:41 PM com.nilostep.xlsql.jdbc.xlDriver connect
INFO: Connection to HSQL Database Engine established.
Jun 23, 2016 4:38:41 PM com.nilostep.xlsql.jdbc.xlDriver connect
INFO: Connection to HSQL Database Engine established.
Jun 23, 2016 4:38:42 PM com.nilostep.xlsql.jdbc.xlDriver connect
INFO: Connection to HSQL Database Engine established.
Jun 23, 2016 4:38:54 PM com.nilostep.xlsql.database.xlInstance <init>
INFO: Instance created with engine hsqldb
Jun 23, 2016 4:38:55 PM com.nilostep.xlsql.jdbc.xlDriver connect
INFO: Connection to HSQL Database Engine established.
Jun 23, 2016 4:38:56 PM com.nilostep.xlsql.jdbc.xlDriver connect
INFO: Connection to HSQL Database Engine established.
Jun 23, 2016 4:38:57 PM com.nilostep.xlsql.jdbc.xlDriver connect
INFO: Connection to HSQL Database Engine established.
Jun 23, 2016 4:38:58 PM com.nilostep.xlsql.jdbc.xlDriver connect
INFO: Connection to HSQL Database Engine established.
Jun 23, 2016 4:39:13 PM com.nilostep.xlsql.database.xlInstance <init>
INFO: Instance created with engine hsqldb
Jun 23, 2016 4:39:14 PM com.nilostep.xlsql.jdbc.xlDriver connect
INFO: Connection to HSQL Database Engine established.
Jun 23, 2016 4:39:15 PM com.nilostep.xlsql.jdbc.xlDriver connect
INFO: Connection to HSQL Database Engine established.
Jun 23, 2016 4:39:16 PM com.nilostep.xlsql.jdbc.xlDriver connect
INFO: Connection to HSQL Database Engine established.
Jun 23, 2016 4:39:16 PM com.nilostep.xlsql.jdbc.xlDriver connect
INFO: Connection to HSQL Database Engine established.
Jun 23, 2016 4:39:56 PM com.nilostep.xlsql.database.xlInstance <init>
INFO: Instance created with engine hsqldb
Jun 23, 2016 4:39:57 PM com.nilostep.xlsql.jdbc.xlDriver connect
INFO: Connection to HSQL Database Engine established.
Jun 23, 2016 4:39:59 PM com.nilostep.xlsql.jdbc.xlDriver connect
INFO: Connection to HSQL Database Engine established.
Jun 23, 2016 4:40:00 PM com.nilostep.xlsql.jdbc.xlDriver connect
INFO: Connection to HSQL Database Engine established.
Jun 23, 2016 4:40:00 PM com.nilostep.xlsql.jdbc.xlDriver connect
INFO: Connection to HSQL Database Engine established.
Jun 23, 2016 4:40:02 PM com.nilostep.xlsql.jdbc.xlDriver connect
INFO: Connection to HSQL Database Engine established.
Jun 23, 2016 4:40:03 PM com.nilostep.xlsql.jdbc.xlDriver connect
INFO: Connection to HSQL Database Engine established.
Jun 23, 2016 4:40:06 PM com.nilostep.xlsql.database.xlInstance <init>
INFO: Instance created with engine hsqldb
Jun 23, 2016 4:40:08 PM com.nilostep.xlsql.jdbc.xlDriver connect
INFO: Connection to HSQL Database Engine established.
Jun 23, 2016 4:40:09 PM com.nilostep.xlsql.jdbc.xlDriver connect
INFO: Connection to HSQL Database Engine established.
Jun 23, 2016 4:40:10 PM com.nilostep.xlsql.jdbc.xlDriver connect
INFO: Connection to HSQL Database Engine established.
Jun 23, 2016 4:40:11 PM com.nilostep.xlsql.jdbc.xlDriver connect
INFO: Connection to HSQL Database Engine established.
Jun 23, 2016 4:40:12 PM com.nilostep.xlsql.jdbc.xlDriver connect
INFO: Connection to HSQL Database Engine established.
Jun 23, 2016 4:40:13 PM com.nilostep.xlsql.jdbc.xlDriver connect
INFO: Connection to HSQL Database Engine established.
Jun 23, 2016 4:49:49 PM com.nilostep.xlsql.database.xlInstance <init>
INFO: Instance created with engine hsqldb
Jun 23, 2016 4:49:51 PM com.nilostep.xlsql.jdbc.xlDriver connect
INFO: Connection to HSQL Database Engine established.
Jun 23, 2016 4:49:51 PM com.nilostep.xlsql.jdbc.xlDriver connect
INFO: Connection to HSQL Database Engine established.
Jun 23, 2016 4:49:52 PM com.nilostep.xlsql.jdbc.xlDriver connect
INFO: Connection to HSQL Database Engine established.
Jun 23, 2016 4:49:53 PM com.nilostep.xlsql.jdbc.xlDriver connect
INFO: Connection to HSQL Database Engine established.
Jun 23, 2016 5:00:28 PM com.nilostep.xlsql.database.xlInstance <init>
INFO: Instance created with engine hsqldb
Jun 23, 2016 5:00:30 PM com.nilostep.xlsql.jdbc.xlDriver connect
INFO: Connection to HSQL Database Engine established.
Jun 23, 2016 5:00:32 PM com.nilostep.xlsql.jdbc.xlDriver connect
INFO: Connection to HSQL Database Engine established.
Jun 23, 2016 5:00:33 PM com.nilostep.xlsql.jdbc.xlDriver connect
INFO: Connection to HSQL Database Engine established.
Jun 23, 2016 5:00:33 PM com.nilostep.xlsql.jdbc.xlDriver connect
INFO: Connection to HSQL Database Engine established.
Jun 23, 2016 5:00:54 PM com.nilostep.xlsql.database.xlInstance <init>
INFO: Instance created with engine hsqldb
Jun 23, 2016 5:00:55 PM com.nilostep.xlsql.jdbc.xlDriver connect
INFO: Connection to HSQL Database Engine established.
Jun 23, 2016 5:00:56 PM com.nilostep.xlsql.jdbc.xlDriver connect
INFO: Connection to HSQL Database Engine established.
Jun 23, 2016 5:00:57 PM com.nilostep.xlsql.jdbc.xlDriver connect
INFO: Connection to HSQL Database Engine established.
Jun 23, 2016 5:00:58 PM com.nilostep.xlsql.jdbc.xlDriver connect
INFO: Connection to HSQL Database Engine established.
Jun 23, 2016 5:01:11 PM com.nilostep.xlsql.database.xlInstance <init>
INFO: Instance created with engine hsqldb
Jun 23, 2016 5:01:12 PM com.nilostep.xlsql.jdbc.xlDriver connect
INFO: Connection to HSQL Database Engine established.
Jun 23, 2016 5:01:13 PM com.nilostep.xlsql.jdbc.xlDriver connect
INFO: Connection to HSQL Database Engine established.
Jun 23, 2016 5:01:15 PM com.nilostep.xlsql.jdbc.xlDriver connect
INFO: Connection to HSQL Database Engine established.
Jun 23, 2016 5:01:15 PM com.nilostep.xlsql.jdbc.xlDriver connect
INFO: Connection to HSQL Database Engine established.
Jun 23, 2016 5:02:29 PM com.nilostep.xlsql.database.xlInstance <init>
INFO: Instance created with engine hsqldb
Jun 23, 2016 5:02:30 PM com.nilostep.xlsql.jdbc.xlDriver connect
INFO: Connection to HSQL Database Engine established.
Jun 23, 2016 5:02:32 PM com.nilostep.xlsql.jdbc.xlDriver connect
INFO: Connection to HSQL Database Engine established.
Jun 23, 2016 5:02:33 PM com.nilostep.xlsql.jdbc.xlDriver connect
INFO: Connection to HSQL Database Engine established.
Jun 23, 2016 5:02:33 PM com.nilostep.xlsql.jdbc.xlDriver connect
INFO: Connection to HSQL Database Engine established.
Jun 23, 2016 5:03:00 PM com.nilostep.xlsql.database.xlInstance <init>
INFO: Instance created with engine hsqldb
Jun 23, 2016 5:03:02 PM com.nilostep.xlsql.jdbc.xlDriver connect
INFO: Connection to HSQL Database Engine established.
Jun 23, 2016 5:03:03 PM com.nilostep.xlsql.jdbc.xlDriver connect
INFO: Connection to HSQL Database Engine established.
Jun 23, 2016 5:03:04 PM com.nilostep.xlsql.jdbc.xlDriver connect
INFO: Connection to HSQL Database Engine established.
Jun 23, 2016 5:03:05 PM com.nilostep.xlsql.jdbc.xlDriver connect
INFO: Connection to HSQL Database Engine established.
Jun 23, 2016 5:03:16 PM com.nilostep.xlsql.database.xlInstance <init>
INFO: Instance created with engine hsqldb
Jun 23, 2016 5:03:18 PM com.nilostep.xlsql.jdbc.xlDriver connect
INFO: Connection to HSQL Database Engine established.
Jun 23, 2016 5:03:20 PM com.nilostep.xlsql.jdbc.xlDriver connect
INFO: Connection to HSQL Database Engine established.
Jun 23, 2016 5:03:21 PM com.nilostep.xlsql.jdbc.xlDriver connect
INFO: Connection to HSQL Database Engine established.
Jun 23, 2016 5:03:22 PM com.nilostep.xlsql.jdbc.xlDriver connect
INFO: Connection to HSQL Database Engine established.
Jun 23, 2016 5:03:34 PM com.nilostep.xlsql.database.xlInstance <init>
INFO: Instance created with engine hsqldb
Jun 23, 2016 5:03:36 PM com.nilostep.xlsql.jdbc.xlDriver connect
INFO: Connection to HSQL Database Engine established.
Jun 23, 2016 5:03:37 PM com.nilostep.xlsql.jdbc.xlDriver connect
INFO: Connection to HSQL Database Engine established.
Jun 23, 2016 5:03:38 PM com.nilostep.xlsql.jdbc.xlDriver connect
INFO: Connection to HSQL Database Engine established.
Jun 23, 2016 5:03:39 PM com.nilostep.xlsql.jdbc.xlDriver connect
INFO: Connection to HSQL Database Engine established.
Jun 23, 2016 5:04:03 PM com.nilostep.xlsql.database.xlInstance <init>
INFO: Instance created with engine hsqldb
Jun 23, 2016 5:04:05 PM com.nilostep.xlsql.jdbc.xlDriver connect
INFO: Connection to HSQL Database Engine established.
Jun 23, 2016 5:04:06 PM com.nilostep.xlsql.jdbc.xlDriver connect
INFO: Connection to HSQL Database Engine established.
Jun 23, 2016 5:04:07 PM com.nilostep.xlsql.jdbc.xlDriver connect
INFO: Connection to HSQL Database Engine established.
Jun 23, 2016 5:04:08 PM com.nilostep.xlsql.jdbc.xlDriver connect
INFO: Connection to HSQL Database Engine established.
Jun 23, 2016 5:04:23 PM com.nilostep.xlsql.database.xlInstance <init>
INFO: Instance created with engine hsqldb
Jun 23, 2016 5:04:24 PM com.nilostep.xlsql.jdbc.xlDriver connect
INFO: Connection to HSQL Database Engine established.
Jun 23, 2016 5:04:25 PM com.nilostep.xlsql.jdbc.xlDriver connect
INFO: Connection to HSQL Database Engine established.
Jun 23, 2016 5:04:26 PM com.nilostep.xlsql.jdbc.xlDriver connect
INFO: Connection to HSQL Database Engine established.
Jun 23, 2016 5:04:27 PM com.nilostep.xlsql.jdbc.xlDriver connect
INFO: Connection to HSQL Database Engine established.
Jun 23, 2016 5:04:39 PM com.nilostep.xlsql.database.xlInstance <init>
INFO: Instance created with engine hsqldb
Jun 23, 2016 5:04:40 PM com.nilostep.xlsql.jdbc.xlDriver connect
INFO: Connection to HSQL Database Engine established.
Jun 23, 2016 5:04:41 PM com.nilostep.xlsql.jdbc.xlDriver connect
INFO: Connection to HSQL Database Engine established.
Jun 23, 2016 5:04:42 PM com.nilostep.xlsql.jdbc.xlDriver connect
INFO: Connection to HSQL Database Engine established.
Jun 23, 2016 5:04:43 PM com.nilostep.xlsql.jdbc.xlDriver connect
INFO: Connection to HSQL Database Engine established.
Jun 23, 2016 5:05:11 PM com.nilostep.xlsql.database.xlInstance <init>
INFO: Instance created with engine hsqldb
Jun 23, 2016 5:05:12 PM com.nilostep.xlsql.jdbc.xlDriver connect
INFO: Connection to HSQL Database Engine established.
Jun 23, 2016 5:05:13 PM com.nilostep.xlsql.jdbc.xlDriver connect
INFO: Connection to HSQL Database Engine established.
Jun 23, 2016 5:05:13 PM com.nilostep.xlsql.jdbc.xlDriver connect
INFO: Connection to HSQL Database Engine established.
Jun 23, 2016 5:05:14 PM com.nilostep.xlsql.jdbc.xlDriver connect
INFO: Connection to HSQL Database Engine established.
Jun 23, 2016 5:05:44 PM com.nilostep.xlsql.database.xlInstance <init>
INFO: Instance created with engine hsqldb
Jun 23, 2016 5:05:45 PM com.nilostep.xlsql.jdbc.xlDriver connect
INFO: Connection to HSQL Database Engine established.
Jun 23, 2016 5:05:46 PM com.nilostep.xlsql.jdbc.xlDriver connect
INFO: Connection to HSQL Database Engine established.
Jun 23, 2016 5:05:47 PM com.nilostep.xlsql.jdbc.xlDriver connect
INFO: Connection to HSQL Database Engine established.
Jun 23, 2016 5:05:47 PM com.nilostep.xlsql.jdbc.xlDriver connect
INFO: Connection to HSQL Database Engine established.
Jun 23, 2016 5:38:23 PM com.nilostep.xlsql.database.xlInstance <init>
INFO: Instance created with engine hsqldb
Jun 23, 2016 5:38:24 PM com.nilostep.xlsql.jdbc.xlDriver connect
INFO: Connection to HSQL Database Engine established.
Jun 23, 2016 5:38:25 PM com.nilostep.xlsql.jdbc.xlDriver connect
INFO: Connection to HSQL Database Engine established.
Jun 23, 2016 5:38:26 PM com.nilostep.xlsql.jdbc.xlDriver connect
INFO: Connection to HSQL Database Engine established.
Jun 23, 2016 5:38:27 PM com.nilostep.xlsql.jdbc.xlDriver connect
INFO: Connection to HSQL Database Engine established.
Jun 23, 2016 5:38:43 PM com.nilostep.xlsql.database.xlInstance <init>
INFO: Instance created with engine hsqldb
Jun 23, 2016 5:38:45 PM com.nilostep.xlsql.jdbc.xlDriver connect
INFO: Connection to HSQL Database Engine established.
Jun 23, 2016 5:38:47 PM com.nilostep.xlsql.jdbc.xlDriver connect
INFO: Connection to HSQL Database Engine established.
Jun 23, 2016 5:38:48 PM com.nilostep.xlsql.jdbc.xlDriver connect
INFO: Connection to HSQL Database Engine established.
Jun 23, 2016 5:38:49 PM com.nilostep.xlsql.jdbc.xlDriver connect
INFO: Connection to HSQL Database Engine established.
Jun 23, 2016 5:39:13 PM com.nilostep.xlsql.database.xlInstance <init>
INFO: Instance created with engine hsqldb
Jun 23, 2016 5:39:16 PM com.nilostep.xlsql.jdbc.xlDriver connect
INFO: Connection to HSQL Database Engine established.
Jun 23, 2016 5:39:17 PM com.nilostep.xlsql.jdbc.xlDriver connect
INFO: Connection to HSQL Database Engine established.
Jun 23, 2016 5:39:18 PM com.nilostep.xlsql.jdbc.xlDriver connect
INFO: Connection to HSQL Database Engine established.
Jun 23, 2016 5:39:19 PM com.nilostep.xlsql.jdbc.xlDriver connect
INFO: Connection to HSQL Database Engine established.
Jun 23, 2016 5:39:56 PM com.nilostep.xlsql.database.xlInstance <init>
INFO: Instance created with engine hsqldb
Jun 23, 2016 5:39:59 PM com.nilostep.xlsql.jdbc.xlDriver connect
INFO: Connection to HSQL Database Engine established.
Jun 23, 2016 5:40:00 PM com.nilostep.xlsql.jdbc.xlDriver connect
INFO: Connection to HSQL Database Engine established.
Jun 23, 2016 5:40:01 PM com.nilostep.xlsql.jdbc.xlDriver connect
INFO: Connection to HSQL Database Engine established.
Jun 23, 2016 5:40:02 PM com.nilostep.xlsql.jdbc.xlDriver connect
INFO: Connection to HSQL Database Engine established.
Jun 23, 2016 5:51:12 PM com.nilostep.xlsql.database.xlInstance <init>
INFO: Instance created with engine hsqldb
Jun 23, 2016 5:51:13 PM com.nilostep.xlsql.jdbc.xlDriver connect
INFO: Connection to HSQL Database Engine established.
Jun 23, 2016 5:51:14 PM com.nilostep.xlsql.jdbc.xlDriver connect
INFO: Connection to HSQL Database Engine established.
Jun 23, 2016 5:51:15 PM com.nilostep.xlsql.jdbc.xlDriver connect
INFO: Connection to HSQL Database Engine established.
Jun 23, 2016 5:51:17 PM com.nilostep.xlsql.jdbc.xlDriver connect
INFO: Connection to HSQL Database Engine established.
Jun 23, 2016 5:51:39 PM com.nilostep.xlsql.database.xlInstance <init>
INFO: Instance created with engine hsqldb
Jun 23, 2016 5:51:41 PM com.nilostep.xlsql.jdbc.xlDriver connect
INFO: Connection to HSQL Database Engine established.
Jun 23, 2016 5:51:42 PM com.nilostep.xlsql.jdbc.xlDriver connect
INFO: Connection to HSQL Database Engine established.
Jun 23, 2016 5:51:43 PM com.nilostep.xlsql.jdbc.xlDriver connect
INFO: Connection to HSQL Database Engine established.
Jun 23, 2016 5:51:44 PM com.nilostep.xlsql.jdbc.xlDriver connect
INFO: Connection to HSQL Database Engine established.
Jun 23, 2016 5:51:44 PM com.nilostep.xlsql.jdbc.xlDriver connect
INFO: Connection to HSQL Database Engine established.
Jun 23, 2016 5:51:46 PM com.nilostep.xlsql.jdbc.xlDriver connect
INFO: Connection to HSQL Database Engine established.
Jun 23, 2016 5:52:02 PM com.nilostep.xlsql.database.xlInstance <init>
INFO: Instance created with engine hsqldb
Jun 23, 2016 5:52:03 PM com.nilostep.xlsql.jdbc.xlDriver connect
INFO: Connection to HSQL Database Engine established.
Jun 23, 2016 5:52:04 PM com.nilostep.xlsql.jdbc.xlDriver connect
INFO: Connection to HSQL Database Engine established.
Jun 23, 2016 5:52:05 PM com.nilostep.xlsql.jdbc.xlDriver connect
INFO: Connection to HSQL Database Engine established.
Jun 23, 2016 5:52:06 PM com.nilostep.xlsql.jdbc.xlDriver connect
INFO: Connection to HSQL Database Engine established.
Jun 23, 2016 5:52:06 PM com.nilostep.xlsql.jdbc.xlDriver connect
INFO: Connection to HSQL Database Engine established.
Jun 23, 2016 5:52:07 PM com.nilostep.xlsql.jdbc.xlDriver connect
INFO: Connection to HSQL Database Engine established.
Jun 23, 2016 5:52:21 PM com.nilostep.xlsql.database.xlInstance <init>
INFO: Instance created with engine hsqldb
Jun 23, 2016 5:52:23 PM com.nilostep.xlsql.jdbc.xlDriver connect
INFO: Connection to HSQL Database Engine established.
Jun 23, 2016 5:52:23 PM com.nilostep.xlsql.jdbc.xlDriver connect
INFO: Connection to HSQL Database Engine established.
Jun 23, 2016 5:52:24 PM com.nilostep.xlsql.jdbc.xlDriver connect
INFO: Connection to HSQL Database Engine established.
Jun 23, 2016 5:52:25 PM com.nilostep.xlsql.jdbc.xlDriver connect
INFO: Connection to HSQL Database Engine established.
Jun 23, 2016 5:52:27 PM com.nilostep.xlsql.jdbc.xlDriver connect
INFO: Connection to HSQL Database Engine established.
Jun 23, 2016 5:52:28 PM com.nilostep.xlsql.jdbc.xlDriver connect
INFO: Connection to HSQL Database Engine established.
